<?xml version="1.0" encoding="UTF-8"?>
<!-- Generated by org.testng.reporters.JUnitXMLReporter -->
<testsuite ignored="3" hostname="DESKTOP-9HB2MMB" failures="0" tests="1" name="Default test" time="30.327" errors="0" timestamp="2022-08-11T19:02:07 IST">
  <testcase classname="pageModelTesting.PageTesting" name="verifySwitchToFrame" time="23.055"/>
  <testcase classname="pageModelTesting.PageTesting" name="verifyRegistration" time="0.0">
    <ignored/>
  </testcase> <!-- verifyRegistration -->
  <testcase classname="pageModelTesting.PageTesting" name="verifySwitchToAlert" time="0.0">
    <ignored/>
  </testcase> <!-- verifySwitchToAlert -->
  <testcase classname="pageModelTesting.PageTesting" name="verifySwitchToWindow" time="0.0">
    <ignored/>
  </testcase> <!-- verifySwitchToWindow -->
</testsuite> <!-- Default test -->
