<?xml version="1.0" encoding="UTF-8"?>
<!-- Generated by org.testng.reporters.JUnitXMLReporter -->
<testsuite ignored="0" hostname="DESKTOP-9HB2MMB" failures="0" tests="3" name="Test" time="134.811" errors="0" timestamp="2022-08-11T14:55:18 IST">
  <testcase classname="pageModelTesting.PageTesting" name="verifyRegistration" time="37.633"/>
  <testcase classname="pageModelTesting.PageTesting" name="verifySwitchToAlert" time="35.135"/>
  <testcase classname="pageModelTesting.PageTesting" name="verifySwitchToWindow" time="38.851"/>
</testsuite> <!-- Test -->
