<?xml version="1.0" encoding="UTF-8"?>
<testng-results ignored="3" total="4" passed="1" failed="0" skipped="0">
  <reporter-output>
  </reporter-output>
  <suite started-at="2022-08-11T19:01:36 IST" name="Default suite" finished-at="2022-08-11T19:02:07 IST" duration-ms="30327">
    <groups>
    </groups>
    <test started-at="2022-08-11T19:01:36 IST" name="Default test" finished-at="2022-08-11T19:02:07 IST" duration-ms="30327">
      <class name="pageModelTesting.PageTesting">
        <test-method is-config="true" signature="webDriver()[pri:0, instance:pageModelTesting.PageTesting@7f3b84b8]" started-at="2022-08-11T19:01:36 IST" name="webDriver" finished-at="2022-08-11T19:01:44 IST" duration-ms="7145" status="PASS">
          <reporter-output>
          </reporter-output>
        </test-method> <!-- webDriver -->
        <test-method signature="verifySwitchToFrame()[pri:0, instance:pageModelTesting.PageTesting@7f3b84b8]" started-at="2022-08-11T19:01:44 IST" name="verifySwitchToFrame" finished-at="2022-08-11T19:02:07 IST" duration-ms="23055" status="PASS">
          <reporter-output>
          </reporter-output>
        </test-method> <!-- verifySwitchToFrame -->
      </class> <!-- pageModelTesting.PageTesting -->
    </test> <!-- Default test -->
  </suite> <!-- Default suite -->
</testng-results>
